c:\users\---------------jorge\documents\visual studio 2015\projects\enginebase\enginebase\debug\enginebase.pch
c:\users\---------------jorge\documents\visual studio 2015\projects\enginebase\enginebase\debug\vc140.pdb
c:\users\---------------jorge\documents\visual studio 2015\projects\enginebase\enginebase\debug\vc140.idb
c:\users\---------------jorge\documents\visual studio 2015\projects\enginebase\enginebase\debug\stdafx.obj
c:\users\---------------jorge\documents\visual studio 2015\projects\enginebase\enginebase\debug\animationmanager.obj
c:\users\---------------jorge\documents\visual studio 2015\projects\enginebase\enginebase\debug\audiomanager.obj
c:\users\---------------jorge\documents\visual studio 2015\projects\enginebase\enginebase\debug\inputmanager.obj
c:\users\---------------jorge\documents\visual studio 2015\projects\enginebase\enginebase\debug\physicsmanager.obj
c:\users\---------------jorge\documents\visual studio 2015\projects\enginebase\enginebase\debug\enginebase.obj
c:\users\---------------jorge\documents\visual studio 2015\projects\enginebase\enginebase\debug\filesystemmanager.obj
c:\users\---------------jorge\documents\visual studio 2015\projects\enginebase\enginebase\debug\memorymanager.obj
c:\users\---------------jorge\documents\visual studio 2015\projects\enginebase\enginebase\debug\physicsdynamicsmanager.obj
c:\users\---------------jorge\documents\visual studio 2015\projects\enginebase\enginebase\debug\renderingmanager.obj
c:\users\---------------jorge\documents\visual studio 2015\projects\enginebase\enginebase\debug\texturemanager.obj
c:\users\---------------jorge\documents\visual studio 2015\projects\enginebase\enginebase\debug\videomanager.obj
c:\users\---------------jorge\documents\visual studio 2015\projects\enginebase\debug\enginebase.ilk
c:\users\---------------jorge\documents\visual studio 2015\projects\enginebase\debug\enginebase.exe
c:\users\---------------jorge\documents\visual studio 2015\projects\enginebase\debug\enginebase.pdb
c:\users\---------------jorge\documents\visual studio 2015\projects\enginebase\enginebase\debug\enginebase.tlog\cl.command.1.tlog
c:\users\---------------jorge\documents\visual studio 2015\projects\enginebase\enginebase\debug\enginebase.tlog\cl.read.1.tlog
c:\users\---------------jorge\documents\visual studio 2015\projects\enginebase\enginebase\debug\enginebase.tlog\cl.write.1.tlog
c:\users\---------------jorge\documents\visual studio 2015\projects\enginebase\enginebase\debug\enginebase.tlog\link.command.1.tlog
c:\users\---------------jorge\documents\visual studio 2015\projects\enginebase\enginebase\debug\enginebase.tlog\link.read.1.tlog
c:\users\---------------jorge\documents\visual studio 2015\projects\enginebase\enginebase\debug\enginebase.tlog\link.write.1.tlog
